Analysis & Synthesis report for DE1_SoC
Wed Nov 25 13:47:30 2020
Quartus Prime Version 17.0.0 Build 595 04/25/2017 SJ Lite Edition


---------------------
; Table of Contents ;
---------------------
  1. Legal Notice
  2. Analysis & Synthesis Summary
  3. Analysis & Synthesis Settings
  4. Parallel Compilation
  5. Analysis & Synthesis Source Files Read
  6. Analysis & Synthesis Resource Usage Summary
  7. Analysis & Synthesis Resource Utilization by Entity
  8. Registers Removed During Synthesis
  9. General Register Statistics
 10. Multiplexer Restructuring Statistics (Restructuring Performed)
 11. Port Connectivity Checks: "light_field:LF|normalLight:eachlight[8].led"
 12. Port Connectivity Checks: "light_field:LF|normalLight:eachlight[0].led"
 13. Port Connectivity Checks: "clock_divider:cdiv"
 14. Post-Synthesis Netlist Statistics for Top Partition
 15. Elapsed Time Per Partition
 16. Analysis & Synthesis Messages
 17. Analysis & Synthesis Suppressed Messages



----------------
; Legal Notice ;
----------------
Copyright (C) 2017  Intel Corporation. All rights reserved.
Your use of Intel Corporation's design tools, logic functions 
and other software and tools, and its AMPP partner logic 
functions, and any output files from any of the foregoing 
(including device programming or simulation files), and any 
associated documentation or information are expressly subject 
to the terms and conditions of the Intel Program License 
Subscription Agreement, the Intel Quartus Prime License Agreement,
the Intel MegaCore Function License Agreement, or other 
applicable license agreement, including, without limitation, 
that your use is for the sole purpose of programming logic 
devices manufactured by Intel and sold by Intel or its 
authorized distributors.  Please refer to the applicable 
agreement for further details.



+-------------------------------------------------------------------------------+
; Analysis & Synthesis Summary                                                  ;
+---------------------------------+---------------------------------------------+
; Analysis & Synthesis Status     ; Successful - Wed Nov 25 13:47:30 2020       ;
; Quartus Prime Version           ; 17.0.0 Build 595 04/25/2017 SJ Lite Edition ;
; Revision Name                   ; DE1_SoC                                     ;
; Top-level Entity Name           ; DE1_SoC                                     ;
; Family                          ; Cyclone V                                   ;
; Logic utilization (in ALMs)     ; N/A                                         ;
; Total registers                 ; 49                                          ;
; Total pins                      ; 67                                          ;
; Total virtual pins              ; 0                                           ;
; Total block memory bits         ; 0                                           ;
; Total DSP Blocks                ; 0                                           ;
; Total HSSI RX PCSs              ; 0                                           ;
; Total HSSI PMA RX Deserializers ; 0                                           ;
; Total HSSI TX PCSs              ; 0                                           ;
; Total HSSI PMA TX Serializers   ; 0                                           ;
; Total PLLs                      ; 0                                           ;
; Total DLLs                      ; 0                                           ;
+---------------------------------+---------------------------------------------+


+---------------------------------------------------------------------------------------------------------------------------+
; Analysis & Synthesis Settings                                                                                             ;
+---------------------------------------------------------------------------------+--------------------+--------------------+
; Option                                                                          ; Setting            ; Default Value      ;
+---------------------------------------------------------------------------------+--------------------+--------------------+
; Device                                                                          ; 5CSEMA5F31C6       ;                    ;
; Top-level entity name                                                           ; DE1_SoC            ; DE1_SoC            ;
; Family name                                                                     ; Cyclone V          ; Cyclone V          ;
; State Machine Processing                                                        ; User-Encoded       ; Auto               ;
; Use smart compilation                                                           ; Off                ; Off                ;
; Enable parallel Assembler and TimeQuest Timing Analyzer during compilation      ; On                 ; On                 ;
; Enable compact report table                                                     ; Off                ; Off                ;
; Restructure Multiplexers                                                        ; Auto               ; Auto               ;
; MLAB Add Timing Constraints For Mixed-Port Feed-Through Mode Setting Don't Care ; Off                ; Off                ;
; Create Debugging Nodes for IP Cores                                             ; Off                ; Off                ;
; Preserve fewer node names                                                       ; On                 ; On                 ;
; OpenCore Plus hardware evaluation                                               ; Enable             ; Enable             ;
; Verilog Version                                                                 ; Verilog_2001       ; Verilog_2001       ;
; VHDL Version                                                                    ; VHDL_1993          ; VHDL_1993          ;
; Safe State Machine                                                              ; Off                ; Off                ;
; Extract Verilog State Machines                                                  ; On                 ; On                 ;
; Extract VHDL State Machines                                                     ; On                 ; On                 ;
; Ignore Verilog initial constructs                                               ; Off                ; Off                ;
; Iteration limit for constant Verilog loops                                      ; 5000               ; 5000               ;
; Iteration limit for non-constant Verilog loops                                  ; 250                ; 250                ;
; Add Pass-Through Logic to Inferred RAMs                                         ; On                 ; On                 ;
; Infer RAMs from Raw Logic                                                       ; On                 ; On                 ;
; Parallel Synthesis                                                              ; On                 ; On                 ;
; DSP Block Balancing                                                             ; Auto               ; Auto               ;
; NOT Gate Push-Back                                                              ; On                 ; On                 ;
; Power-Up Don't Care                                                             ; On                 ; On                 ;
; Remove Redundant Logic Cells                                                    ; Off                ; Off                ;
; Remove Duplicate Registers                                                      ; On                 ; On                 ;
; Ignore CARRY Buffers                                                            ; Off                ; Off                ;
; Ignore CASCADE Buffers                                                          ; Off                ; Off                ;
; Ignore GLOBAL Buffers                                                           ; Off                ; Off                ;
; Ignore ROW GLOBAL Buffers                                                       ; Off                ; Off                ;
; Ignore LCELL Buffers                                                            ; Off                ; Off                ;
; Ignore SOFT Buffers                                                             ; On                 ; On                 ;
; Limit AHDL Integers to 32 Bits                                                  ; Off                ; Off                ;
; Optimization Technique                                                          ; Balanced           ; Balanced           ;
; Carry Chain Length                                                              ; 70                 ; 70                 ;
; Auto Carry Chains                                                               ; On                 ; On                 ;
; Auto Open-Drain Pins                                                            ; On                 ; On                 ;
; Perform WYSIWYG Primitive Resynthesis                                           ; Off                ; Off                ;
; Auto ROM Replacement                                                            ; On                 ; On                 ;
; Auto RAM Replacement                                                            ; On                 ; On                 ;
; Auto DSP Block Replacement                                                      ; On                 ; On                 ;
; Auto Shift Register Replacement                                                 ; Auto               ; Auto               ;
; Allow Shift Register Merging across Hierarchies                                 ; Auto               ; Auto               ;
; Auto Clock Enable Replacement                                                   ; On                 ; On                 ;
; Strict RAM Replacement                                                          ; Off                ; Off                ;
; Allow Synchronous Control Signals                                               ; On                 ; On                 ;
; Force Use of Synchronous Clear Signals                                          ; Off                ; Off                ;
; Auto Resource Sharing                                                           ; Off                ; Off                ;
; Allow Any RAM Size For Recognition                                              ; Off                ; Off                ;
; Allow Any ROM Size For Recognition                                              ; Off                ; Off                ;
; Allow Any Shift Register Size For Recognition                                   ; Off                ; Off                ;
; Use LogicLock Constraints during Resource Balancing                             ; On                 ; On                 ;
; Ignore translate_off and synthesis_off directives                               ; Off                ; Off                ;
; Timing-Driven Synthesis                                                         ; On                 ; On                 ;
; Report Parameter Settings                                                       ; On                 ; On                 ;
; Report Source Assignments                                                       ; On                 ; On                 ;
; Report Connectivity Checks                                                      ; On                 ; On                 ;
; Ignore Maximum Fan-Out Assignments                                              ; Off                ; Off                ;
; Synchronization Register Chain Length                                           ; 3                  ; 3                  ;
; PowerPlay Power Optimization During Synthesis                                   ; Normal compilation ; Normal compilation ;
; HDL message level                                                               ; Level2             ; Level2             ;
; Suppress Register Optimization Related Messages                                 ; Off                ; Off                ;
; Number of Removed Registers Reported in Synthesis Report                        ; 5000               ; 5000               ;
; Number of Swept Nodes Reported in Synthesis Report                              ; 5000               ; 5000               ;
; Number of Inverted Registers Reported in Synthesis Report                       ; 100                ; 100                ;
; Clock MUX Protection                                                            ; On                 ; On                 ;
; Auto Gated Clock Conversion                                                     ; Off                ; Off                ;
; Block Design Naming                                                             ; Auto               ; Auto               ;
; SDC constraint protection                                                       ; Off                ; Off                ;
; Synthesis Effort                                                                ; Auto               ; Auto               ;
; Shift Register Replacement - Allow Asynchronous Clear Signal                    ; On                 ; On                 ;
; Pre-Mapping Resynthesis Optimization                                            ; Off                ; Off                ;
; Analysis & Synthesis Message Level                                              ; Medium             ; Medium             ;
; Disable Register Merging Across Hierarchies                                     ; Auto               ; Auto               ;
; Resource Aware Inference For Block RAM                                          ; On                 ; On                 ;
; Automatic Parallel Synthesis                                                    ; On                 ; On                 ;
; Partial Reconfiguration Bitstream ID                                            ; Off                ; Off                ;
+---------------------------------------------------------------------------------+--------------------+--------------------+


+------------------------------------------+
; Parallel Compilation                     ;
+----------------------------+-------------+
; Processors                 ; Number      ;
+----------------------------+-------------+
; Number detected on machine ; 8           ;
; Maximum allowed            ; 4           ;
;                            ;             ;
; Average used               ; 1.00        ;
; Maximum used               ; 4           ;
;                            ;             ;
; Usage by Processor         ; % Time Used ;
;     Processor 1            ; 100.0%      ;
;     Processors 2-4         ;   0.0%      ;
+----------------------------+-------------+


+-------------------------------------------------------------------------------------------------------------------------------------------------------------------------------+
; Analysis & Synthesis Source Files Read                                                                                                                                        ;
+----------------------------------+-----------------+------------------------------+---------------------------------------------------------------------------------+---------+
; File Name with User-Entered Path ; Used in Netlist ; File Type                    ; File Name with Absolute Path                                                    ; Library ;
+----------------------------------+-----------------+------------------------------+---------------------------------------------------------------------------------+---------+
; DE1_SoC.sv                       ; yes             ; User SystemVerilog HDL File  ; F:/study/AU 20/ee271/ee271labs/lab7/Lab1_Files_for_Quartus_FA20/DE1_SoC.sv      ;         ;
; series_diffs.sv                  ; yes             ; User SystemVerilog HDL File  ; F:/study/AU 20/ee271/ee271labs/lab7/Lab1_Files_for_Quartus_FA20/series_diffs.sv ;         ;
; input_buffer.sv                  ; yes             ; User SystemVerilog HDL File  ; F:/study/AU 20/ee271/ee271labs/lab7/Lab1_Files_for_Quartus_FA20/input_buffer.sv ;         ;
; normal_light.sv                  ; yes             ; User SystemVerilog HDL File  ; F:/study/AU 20/ee271/ee271labs/lab7/Lab1_Files_for_Quartus_FA20/normal_light.sv ;         ;
; center_light.sv                  ; yes             ; User SystemVerilog HDL File  ; F:/study/AU 20/ee271/ee271labs/lab7/Lab1_Files_for_Quartus_FA20/center_light.sv ;         ;
; light_field.sv                   ; yes             ; User SystemVerilog HDL File  ; F:/study/AU 20/ee271/ee271labs/lab7/Lab1_Files_for_Quartus_FA20/light_field.sv  ;         ;
; victory.sv                       ; yes             ; User SystemVerilog HDL File  ; F:/study/AU 20/ee271/ee271labs/lab7/Lab1_Files_for_Quartus_FA20/victory.sv      ;         ;
; random.sv                        ; yes             ; User SystemVerilog HDL File  ; F:/study/AU 20/ee271/ee271labs/lab7/Lab1_Files_for_Quartus_FA20/random.sv       ;         ;
; bot.sv                           ; yes             ; User SystemVerilog HDL File  ; F:/study/AU 20/ee271/ee271labs/lab7/Lab1_Files_for_Quartus_FA20/bot.sv          ;         ;
+----------------------------------+-----------------+------------------------------+---------------------------------------------------------------------------------+---------+


+-------------------------------------------------------------------------------------+
; Analysis & Synthesis Resource Usage Summary                                         ;
+---------------------------------------------+---------------------------------------+
; Resource                                    ; Usage                                 ;
+---------------------------------------------+---------------------------------------+
; Estimate of Logic utilization (ALMs needed) ; 42                                    ;
;                                             ;                                       ;
; Combinational ALUT usage for logic          ; 66                                    ;
;     -- 7 input functions                    ; 0                                     ;
;     -- 6 input functions                    ; 15                                    ;
;     -- 5 input functions                    ; 1                                     ;
;     -- 4 input functions                    ; 18                                    ;
;     -- <=3 input functions                  ; 32                                    ;
;                                             ;                                       ;
; Dedicated logic registers                   ; 49                                    ;
;                                             ;                                       ;
; I/O pins                                    ; 67                                    ;
;                                             ;                                       ;
; Total DSP Blocks                            ; 0                                     ;
;                                             ;                                       ;
; Maximum fan-out node                        ; clock_divider:cdiv|divided_clocks[16] ;
; Maximum fan-out                             ; 33                                    ;
; Total fan-out                               ; 446                                   ;
; Average fan-out                             ; 1.79                                  ;
+---------------------------------------------+---------------------------------------+


+-------------------------------------------------------------------------------------------------------------------------------------------------------------------------------------------------------------------------------------+
; Analysis & Synthesis Resource Utilization by Entity                                                                                                                                                                                 ;
+--------------------------------------+---------------------+---------------------------+-------------------+------------+------+--------------+------------------------------------------------------+---------------+--------------+
; Compilation Hierarchy Node           ; Combinational ALUTs ; Dedicated Logic Registers ; Block Memory Bits ; DSP Blocks ; Pins ; Virtual Pins ; Full Hierarchy Name                                  ; Entity Name   ; Library Name ;
+--------------------------------------+---------------------+---------------------------+-------------------+------------+------+--------------+------------------------------------------------------+---------------+--------------+
; |DE1_SoC                             ; 66 (1)              ; 49 (0)                    ; 0                 ; 0          ; 67   ; 0            ; |DE1_SoC                                             ; DE1_SoC       ; work         ;
;    |bot:b|                           ; 4 (3)               ; 9 (0)                     ; 0                 ; 0          ; 0    ; 0            ; |DE1_SoC|bot:b                                       ; bot           ; work         ;
;       |random:r|                     ; 1 (1)               ; 9 (9)                     ; 0                 ; 0          ; 0    ; 0            ; |DE1_SoC|bot:b|random:r                              ; random        ; work         ;
;    |clock_divider:cdiv|              ; 17 (17)             ; 17 (17)                   ; 0                 ; 0          ; 0    ; 0            ; |DE1_SoC|clock_divider:cdiv                          ; clock_divider ; work         ;
;    |input_buffer:LR|                 ; 1 (1)               ; 1 (1)                     ; 0                 ; 0          ; 0    ; 0            ; |DE1_SoC|input_buffer:LR                             ; input_buffer  ; work         ;
;    |light_field:LF|                  ; 9 (0)               ; 9 (0)                     ; 0                 ; 0          ; 0    ; 0            ; |DE1_SoC|light_field:LF                              ; light_field   ; work         ;
;       |centerLight:eachlight[4].led| ; 1 (1)               ; 1 (1)                     ; 0                 ; 0          ; 0    ; 0            ; |DE1_SoC|light_field:LF|centerLight:eachlight[4].led ; centerLight   ; work         ;
;       |normalLight:eachlight[0].led| ; 1 (1)               ; 1 (1)                     ; 0                 ; 0          ; 0    ; 0            ; |DE1_SoC|light_field:LF|normalLight:eachlight[0].led ; normalLight   ; work         ;
;       |normalLight:eachlight[1].two| ; 1 (1)               ; 1 (1)                     ; 0                 ; 0          ; 0    ; 0            ; |DE1_SoC|light_field:LF|normalLight:eachlight[1].two ; normalLight   ; work         ;
;       |normalLight:eachlight[2].two| ; 1 (1)               ; 1 (1)                     ; 0                 ; 0          ; 0    ; 0            ; |DE1_SoC|light_field:LF|normalLight:eachlight[2].two ; normalLight   ; work         ;
;       |normalLight:eachlight[3].two| ; 1 (1)               ; 1 (1)                     ; 0                 ; 0          ; 0    ; 0            ; |DE1_SoC|light_field:LF|normalLight:eachlight[3].two ; normalLight   ; work         ;
;       |normalLight:eachlight[5].two| ; 1 (1)               ; 1 (1)                     ; 0                 ; 0          ; 0    ; 0            ; |DE1_SoC|light_field:LF|normalLight:eachlight[5].two ; normalLight   ; work         ;
;       |normalLight:eachlight[6].two| ; 1 (1)               ; 1 (1)                     ; 0                 ; 0          ; 0    ; 0            ; |DE1_SoC|light_field:LF|normalLight:eachlight[6].two ; normalLight   ; work         ;
;       |normalLight:eachlight[7].two| ; 1 (1)               ; 1 (1)                     ; 0                 ; 0          ; 0    ; 0            ; |DE1_SoC|light_field:LF|normalLight:eachlight[7].two ; normalLight   ; work         ;
;       |normalLight:eachlight[8].led| ; 1 (1)               ; 1 (1)                     ; 0                 ; 0          ; 0    ; 0            ; |DE1_SoC|light_field:LF|normalLight:eachlight[8].led ; normalLight   ; work         ;
;    |series_diffs:R|                  ; 1 (1)               ; 2 (2)                     ; 0                 ; 0          ; 0    ; 0            ; |DE1_SoC|series_diffs:R                              ; series_diffs  ; work         ;
;    |victory:V|                       ; 33 (19)             ; 11 (11)                   ; 0                 ; 0          ; 0    ; 0            ; |DE1_SoC|victory:V                                   ; victory       ; work         ;
;       |seg7:left|                    ; 7 (7)               ; 0 (0)                     ; 0                 ; 0          ; 0    ; 0            ; |DE1_SoC|victory:V|seg7:left                         ; seg7          ; work         ;
;       |seg7:right|                   ; 7 (7)               ; 0 (0)                     ; 0                 ; 0          ; 0    ; 0            ; |DE1_SoC|victory:V|seg7:right                        ; seg7          ; work         ;
+--------------------------------------+---------------------+---------------------------+-------------------+------------+------+--------------+------------------------------------------------------+---------------+--------------+
Note: For table entries with two numbers listed, the numbers in parentheses indicate the number of resources of the given type used by the specific entity alone. The numbers listed outside of parentheses indicate the total resources of the given type used by the specific entity and all of its sub-entities in the hierarchy.


+------------------------------------------------------------------------------------------------+
; Registers Removed During Synthesis                                                             ;
+-------------------------------------------------------+----------------------------------------+
; Register name                                         ; Reason for Removal                     ;
+-------------------------------------------------------+----------------------------------------+
; victory:V|ps[2..31]                                   ; Stuck at GND due to stuck port data_in ;
; light_field:LF|normalLight:eachlight[8].led|ps[1..31] ; Stuck at GND due to stuck port data_in ;
; light_field:LF|normalLight:eachlight[7].two|ps[1..31] ; Stuck at GND due to stuck port data_in ;
; light_field:LF|normalLight:eachlight[6].two|ps[1..31] ; Stuck at GND due to stuck port data_in ;
; light_field:LF|normalLight:eachlight[5].two|ps[1..31] ; Stuck at GND due to stuck port data_in ;
; light_field:LF|centerLight:eachlight[4].led|ps[1..31] ; Stuck at GND due to stuck port data_in ;
; light_field:LF|normalLight:eachlight[3].two|ps[1..31] ; Stuck at GND due to stuck port data_in ;
; light_field:LF|normalLight:eachlight[2].two|ps[1..31] ; Stuck at GND due to stuck port data_in ;
; light_field:LF|normalLight:eachlight[1].two|ps[1..31] ; Stuck at GND due to stuck port data_in ;
; light_field:LF|normalLight:eachlight[0].led|ps[1..31] ; Stuck at GND due to stuck port data_in ;
; input_buffer:LR|ps[1..31]                             ; Stuck at GND due to stuck port data_in ;
; clock_divider:cdiv|divided_clocks[17..31]             ; Lost fanout                            ;
; Total Number of Removed Registers = 355               ;                                        ;
+-------------------------------------------------------+----------------------------------------+


+------------------------------------------------------+
; General Register Statistics                          ;
+----------------------------------------------+-------+
; Statistic                                    ; Value ;
+----------------------------------------------+-------+
; Total registers                              ; 49    ;
; Number of registers using Synchronous Clear  ; 17    ;
; Number of registers using Synchronous Load   ; 0     ;
; Number of registers using Asynchronous Clear ; 0     ;
; Number of registers using Asynchronous Load  ; 0     ;
; Number of registers using Clock Enable       ; 9     ;
; Number of registers using Preset             ; 0     ;
+----------------------------------------------+-------+


+---------------------------------------------------------------------------------------------------------------------------------------------+
; Multiplexer Restructuring Statistics (Restructuring Performed)                                                                              ;
+--------------------+-----------+---------------+----------------------+------------------------+------------+-------------------------------+
; Multiplexer Inputs ; Bus Width ; Baseline Area ; Area if Restructured ; Saving if Restructured ; Registered ; Example Multiplexer Output    ;
+--------------------+-----------+---------------+----------------------+------------------------+------------+-------------------------------+
; 3:1                ; 4 bits    ; 8 LEs         ; 4 LEs                ; 4 LEs                  ; Yes        ; |DE1_SoC|victory:V|r_Score[0] ;
; 3:1                ; 2 bits    ; 4 LEs         ; 4 LEs                ; 0 LEs                  ; Yes        ; |DE1_SoC|victory:V|ps[0]      ;
; 3:1                ; 4 bits    ; 8 LEs         ; 4 LEs                ; 4 LEs                  ; Yes        ; |DE1_SoC|victory:V|l_Score[0] ;
+--------------------+-----------+---------------+----------------------+------------------------+------------+-------------------------------+


+-------------------------------------------------------------------------+
; Port Connectivity Checks: "light_field:LF|normalLight:eachlight[8].led" ;
+------+-------+----------+-----------------------------------------------+
; Port ; Type  ; Severity ; Details                                       ;
+------+-------+----------+-----------------------------------------------+
; NL   ; Input ; Info     ; Stuck at GND                                  ;
+------+-------+----------+-----------------------------------------------+


+-------------------------------------------------------------------------+
; Port Connectivity Checks: "light_field:LF|normalLight:eachlight[0].led" ;
+------+-------+----------+-----------------------------------------------+
; Port ; Type  ; Severity ; Details                                       ;
+------+-------+----------+-----------------------------------------------+
; NR   ; Input ; Info     ; Stuck at GND                                  ;
+------+-------+----------+-----------------------------------------------+


+----------------------------------------------------------------------------------------------------------------------------------+
; Port Connectivity Checks: "clock_divider:cdiv"                                                                                   ;
+------------------------+--------+----------+-------------------------------------------------------------------------------------+
; Port                   ; Type   ; Severity ; Details                                                                             ;
+------------------------+--------+----------+-------------------------------------------------------------------------------------+
; divided_clocks[31..17] ; Output ; Info     ; Connected to dangling logic. Logic that only feeds a dangling port will be removed. ;
; divided_clocks[15..0]  ; Output ; Info     ; Connected to dangling logic. Logic that only feeds a dangling port will be removed. ;
+------------------------+--------+----------+-------------------------------------------------------------------------------------+


+-----------------------------------------------------+
; Post-Synthesis Netlist Statistics for Top Partition ;
+-----------------------+-----------------------------+
; Type                  ; Count                       ;
+-----------------------+-----------------------------+
; arriav_ff             ; 49                          ;
;     ENA               ; 3                           ;
;     ENA SCLR          ; 6                           ;
;     SCLR              ; 11                          ;
;     plain             ; 29                          ;
; arriav_lcell_comb     ; 79                          ;
;     arith             ; 16                          ;
;         1 data inputs ; 15                          ;
;         2 data inputs ; 1                           ;
;     normal            ; 63                          ;
;         0 data inputs ; 2                           ;
;         1 data inputs ; 13                          ;
;         2 data inputs ; 11                          ;
;         3 data inputs ; 3                           ;
;         4 data inputs ; 18                          ;
;         5 data inputs ; 1                           ;
;         6 data inputs ; 15                          ;
; boundary_port         ; 67                          ;
;                       ;                             ;
; Max LUT depth         ; 3.00                        ;
; Average LUT depth     ; 1.85                        ;
+-----------------------+-----------------------------+


+-------------------------------+
; Elapsed Time Per Partition    ;
+----------------+--------------+
; Partition Name ; Elapsed Time ;
+----------------+--------------+
; Top            ; 00:00:00     ;
+----------------+--------------+


+-------------------------------+
; Analysis & Synthesis Messages ;
+-------------------------------+
Info: *******************************************************************
Info: Running Quartus Prime Analysis & Synthesis
    Info: Version 17.0.0 Build 595 04/25/2017 SJ Lite Edition
    Info: Processing started: Wed Nov 25 13:47:19 2020
Info: Command: quartus_map --read_settings_files=on --write_settings_files=off DE1_SoC -c DE1_SoC
Info (20030): Parallel compilation is enabled and will use 4 of the 4 processors detected
Info (12021): Found 3 design units, including 3 entities, in source file de1_soc.sv
    Info (12023): Found entity 1: DE1_SoC File: F:/study/AU 20/ee271/ee271labs/lab7/Lab1_Files_for_Quartus_FA20/DE1_SoC.sv Line: 3
    Info (12023): Found entity 2: clock_divider File: F:/study/AU 20/ee271/ee271labs/lab7/Lab1_Files_for_Quartus_FA20/DE1_SoC.sv Line: 45
    Info (12023): Found entity 3: DE1_SoC_testbench File: F:/study/AU 20/ee271/ee271labs/lab7/Lab1_Files_for_Quartus_FA20/DE1_SoC.sv Line: 55
Info (12021): Found 2 design units, including 2 entities, in source file series_diffs.sv
    Info (12023): Found entity 1: series_diffs File: F:/study/AU 20/ee271/ee271labs/lab7/Lab1_Files_for_Quartus_FA20/series_diffs.sv Line: 1
    Info (12023): Found entity 2: series_diffs_testbench File: F:/study/AU 20/ee271/ee271labs/lab7/Lab1_Files_for_Quartus_FA20/series_diffs.sv Line: 16
Info (12021): Found 2 design units, including 2 entities, in source file input_buffer.sv
    Info (12023): Found entity 1: input_buffer File: F:/study/AU 20/ee271/ee271labs/lab7/Lab1_Files_for_Quartus_FA20/input_buffer.sv Line: 1
    Info (12023): Found entity 2: input_buffer_testbench File: F:/study/AU 20/ee271/ee271labs/lab7/Lab1_Files_for_Quartus_FA20/input_buffer.sv Line: 28
Info (12021): Found 2 design units, including 2 entities, in source file normal_light.sv
    Info (12023): Found entity 1: normalLight File: F:/study/AU 20/ee271/ee271labs/lab7/Lab1_Files_for_Quartus_FA20/normal_light.sv Line: 1
    Info (12023): Found entity 2: normalLight_testbench File: F:/study/AU 20/ee271/ee271labs/lab7/Lab1_Files_for_Quartus_FA20/normal_light.sv Line: 34
Info (12021): Found 2 design units, including 2 entities, in source file center_light.sv
    Info (12023): Found entity 1: centerLight File: F:/study/AU 20/ee271/ee271labs/lab7/Lab1_Files_for_Quartus_FA20/center_light.sv Line: 1
    Info (12023): Found entity 2: centerLight_testbench File: F:/study/AU 20/ee271/ee271labs/lab7/Lab1_Files_for_Quartus_FA20/center_light.sv Line: 33
Info (12021): Found 2 design units, including 2 entities, in source file light_field.sv
    Info (12023): Found entity 1: light_field File: F:/study/AU 20/ee271/ee271labs/lab7/Lab1_Files_for_Quartus_FA20/light_field.sv Line: 1
    Info (12023): Found entity 2: light_field_testbench File: F:/study/AU 20/ee271/ee271labs/lab7/Lab1_Files_for_Quartus_FA20/light_field.sv Line: 34
Info (12021): Found 3 design units, including 3 entities, in source file victory.sv
    Info (12023): Found entity 1: victory File: F:/study/AU 20/ee271/ee271labs/lab7/Lab1_Files_for_Quartus_FA20/victory.sv Line: 1
    Info (12023): Found entity 2: seg7 File: F:/study/AU 20/ee271/ee271labs/lab7/Lab1_Files_for_Quartus_FA20/victory.sv Line: 64
    Info (12023): Found entity 3: victory_testbench File: F:/study/AU 20/ee271/ee271labs/lab7/Lab1_Files_for_Quartus_FA20/victory.sv Line: 86
Info (12021): Found 2 design units, including 2 entities, in source file random.sv
    Info (12023): Found entity 1: random File: F:/study/AU 20/ee271/ee271labs/lab7/Lab1_Files_for_Quartus_FA20/random.sv Line: 1
    Info (12023): Found entity 2: random_testbench File: F:/study/AU 20/ee271/ee271labs/lab7/Lab1_Files_for_Quartus_FA20/random.sv Line: 31
Info (12021): Found 2 design units, including 2 entities, in source file bot.sv
    Info (12023): Found entity 1: bot File: F:/study/AU 20/ee271/ee271labs/lab7/Lab1_Files_for_Quartus_FA20/bot.sv Line: 1
    Info (12023): Found entity 2: bot_testbench File: F:/study/AU 20/ee271/ee271labs/lab7/Lab1_Files_for_Quartus_FA20/bot.sv Line: 18
Warning (10236): Verilog HDL Implicit Net warning at DE1_SoC.sv(33): created implicit net for "CR" File: F:/study/AU 20/ee271/ee271labs/lab7/Lab1_Files_for_Quartus_FA20/DE1_SoC.sv Line: 33
Warning (10236): Verilog HDL Implicit Net warning at DE1_SoC.sv(36): created implicit net for "P2" File: F:/study/AU 20/ee271/ee271labs/lab7/Lab1_Files_for_Quartus_FA20/DE1_SoC.sv Line: 36
Info (12127): Elaborating entity "DE1_SoC" for the top level hierarchy
Info (12128): Elaborating entity "clock_divider" for hierarchy "clock_divider:cdiv" File: F:/study/AU 20/ee271/ee271labs/lab7/Lab1_Files_for_Quartus_FA20/DE1_SoC.sv Line: 21
Info (12128): Elaborating entity "bot" for hierarchy "bot:b" File: F:/study/AU 20/ee271/ee271labs/lab7/Lab1_Files_for_Quartus_FA20/DE1_SoC.sv Line: 30
Info (12128): Elaborating entity "random" for hierarchy "bot:b|random:r" File: F:/study/AU 20/ee271/ee271labs/lab7/Lab1_Files_for_Quartus_FA20/bot.sv Line: 7
Info (12128): Elaborating entity "series_diffs" for hierarchy "series_diffs:R" File: F:/study/AU 20/ee271/ee271labs/lab7/Lab1_Files_for_Quartus_FA20/DE1_SoC.sv Line: 33
Info (12128): Elaborating entity "input_buffer" for hierarchy "input_buffer:LR" File: F:/study/AU 20/ee271/ee271labs/lab7/Lab1_Files_for_Quartus_FA20/DE1_SoC.sv Line: 36
Info (12128): Elaborating entity "light_field" for hierarchy "light_field:LF" File: F:/study/AU 20/ee271/ee271labs/lab7/Lab1_Files_for_Quartus_FA20/DE1_SoC.sv Line: 38
Info (12128): Elaborating entity "normalLight" for hierarchy "light_field:LF|normalLight:eachlight[0].led" File: F:/study/AU 20/ee271/ee271labs/lab7/Lab1_Files_for_Quartus_FA20/light_field.sv Line: 11
Info (12128): Elaborating entity "centerLight" for hierarchy "light_field:LF|centerLight:eachlight[4].led" File: F:/study/AU 20/ee271/ee271labs/lab7/Lab1_Files_for_Quartus_FA20/light_field.sv Line: 13
Info (12128): Elaborating entity "victory" for hierarchy "victory:V" File: F:/study/AU 20/ee271/ee271labs/lab7/Lab1_Files_for_Quartus_FA20/DE1_SoC.sv Line: 40
Info (12128): Elaborating entity "seg7" for hierarchy "victory:V|seg7:left" File: F:/study/AU 20/ee271/ee271labs/lab7/Lab1_Files_for_Quartus_FA20/victory.sv Line: 58
Info (286030): Timing-Driven Synthesis is running
Info (17049): 15 registers lost all their fanouts during netlist optimizations.
Info (144001): Generated suppressed messages file F:/study/AU 20/ee271/ee271labs/lab7/Lab1_Files_for_Quartus_FA20/output_files/DE1_SoC.map.smsg
Info (16010): Generating hard_block partition "hard_block:auto_generated_inst"
    Info (16011): Adding 0 node(s), including 0 DDIO, 0 PLL, 0 transceiver and 0 LCELL
Info (21057): Implemented 143 device resources after synthesis - the final resource count might be different
    Info (21058): Implemented 15 input pins
    Info (21059): Implemented 52 output pins
    Info (21061): Implemented 76 logic cells
Info: Quartus Prime Analysis & Synthesis was successful. 0 errors, 2 warnings
    Info: Peak virtual memory: 4828 megabytes
    Info: Processing ended: Wed Nov 25 13:47:30 2020
    Info: Elapsed time: 00:00:11
    Info: Total CPU time (on all processors): 00:00:25


+------------------------------------------+
; Analysis & Synthesis Suppressed Messages ;
+------------------------------------------+
The suppressed messages can be found in F:/study/AU 20/ee271/ee271labs/lab7/Lab1_Files_for_Quartus_FA20/output_files/DE1_SoC.map.smsg.


